make all --print-data-base --no-builtin-variables --no-builtin-rules --question
# GNU Make 4.3
# Built for x86_64-pc-linux-gnu
# Copyright (C) 1988-2020 Free Software Foundation, Inc.
# License GPLv3+: GNU GPL version 3 or later <http://gnu.org/licenses/gpl.html>
# This is free software: you are free to change and redistribute it.
# There is NO WARRANTY, to the extent permitted by law.

# Make data base, printed on Tue Jul 26 11:57:29 2022

# Variables

# environment
GDK_BACKEND = x11
# makefile (from 'Makefile', line 1)
OUTPUT = output
# environment
LC_ALL = C
# environment
GNOME_SHELL_SESSION_MODE = ubuntu
# environment
SSH_AGENT_LAUNCHER = gnome-keyring
# environment
GJS_DEBUG_OUTPUT = stderr
# environment
LC_NAME = en_US.UTF-8
# environment
LC_NUMERIC = en_US.UTF-8
# environment
VSCODE_CWD = /home/aghaei
# environment
LC_ADDRESS = en_US.UTF-8
# default
MAKE_COMMAND := make
# environment
QT_ACCESSIBILITY = 1
# automatic
@D = $(patsubst %/,%,$(dir $@))
# environment
VSCODE_HANDLES_UNCAUGHT_ERRORS = true
# default
.VARIABLES := 
# environment
PWD = /home/aghaei/project-mascarpone
# automatic
%D = $(patsubst %/,%,$(dir $%))
# makefile (from 'Makefile', line 4)
g = \e[1;32m
# makefile (from 'Makefile', line 5)
r = \e[1;31m
# environment
XDG_DATA_DIRS = /usr/share/ubuntu:/usr/local/share/:/usr/share/:/var/lib/snapd/desktop
# automatic
^D = $(patsubst %/,%,$(dir $^))
# automatic
%F = $(notdir $%)
# environment
VSCODE_CODE_CACHE_PATH = /home/aghaei/.config/Code/CachedData/92d25e35d9bf1a6b16f7d0758f25d48ace11e5b9
# makefile (from 'Makefile', line 7)
TEST_DIRS = $(wildcard test/**/)
# environment
LANG = C
# environment
XAUTHORITY = /run/user/1000/.mutter-Xwaylandauth.29SQP1
# default
.LOADED := 
# default
.INCLUDE_DIRS = /usr/local/include /usr/include /usr/include
# makefile
MAKEFLAGS = pqrR
# makefile
CURDIR := /home/aghaei/project-mascarpone
# makefile (from 'Makefile', line 8)
ASM = $(wildcard test/**/*.s)
# environment
APPLICATION_INSIGHTS_NO_DIAGNOSTIC_CHANNEL = 1
# environment
LESSOPEN = | /usr/bin/lesspipe %s
# automatic
*D = $(patsubst %/,%,$(dir $*))
# makefile (from 'Makefile', line 23)
INPUT = test/default/memtest0
# environment
MFLAGS = -pqrR
# environment
SSH_AUTH_SOCK = /run/user/1000/keyring/ssh
# default
.SHELLFLAGS := -c
# environment
WAYLAND_DISPLAY = wayland-0
# environment
XDG_CONFIG_DIRS = /etc/xdg/xdg-ubuntu:/etc/xdg
# automatic
+D = $(patsubst %/,%,$(dir $+))
# environment
XDG_SESSION_DESKTOP = ubuntu
# makefile (from 'Makefile', line 1)
MAKEFILE_LIST := Makefile
# automatic
@F = $(notdir $@)
# environment
VSCODE_PID = 29639
# environment
XDG_SESSION_TYPE = wayland
# automatic
?D = $(patsubst %/,%,$(dir $?))
# environment
SESSION_MANAGER = local/Aghaei:@/tmp/.ICE-unix/4216,unix/Aghaei:/tmp/.ICE-unix/4216
# automatic
*F = $(notdir $*)
# environment
CHROME_DESKTOP = code-url-handler.desktop
# environment
DBUS_SESSION_BUS_ADDRESS = unix:path=/run/user/1000/bus
# automatic
<D = $(patsubst %/,%,$(dir $<))
# environment
VSCODE_NLS_CONFIG = {"locale":"en-us","availableLanguages":{},"_languagePackSupport":true}
# default
MAKE_HOST := x86_64-pc-linux-gnu
# environment
GNOME_DESKTOP_SESSION_ID = this-is-deprecated
# makefile
SHELL = /bin/sh
# default
MAKECMDGOALS := all
# environment
XMODIFIERS = @im=ibus
# environment
GJS_DEBUG_TOPICS = JS ERROR;JS LOG
# environment
SHLVL = 0
# makefile (from 'Makefile', line 9)
MEM = $(ASM:%.s=%.mem)
# environment
MAKELEVEL := 0
# environment
IM_CONFIG_CHECK_ENV = 1
# default
MAKE = $(MAKE_COMMAND)
# environment
PATH = /home/aghaei/.local/bin:/home/aghaei/.local/bin:/usr/local/sbin:/usr/local/bin:/usr/sbin:/usr/bin:/sbin:/bin:/usr/games:/usr/local/games:/snap/bin:/snap/bin:/home/aghaei/.local/share/JetBrains/Toolbox/scripts:/home/aghaei/.local/share/JetBrains/Toolbox/scripts
# default
MAKEFILES := 
# environment
LANGUAGE = en_US:en
# environment
LC_MONETARY = en_US.UTF-8
# automatic
^F = $(notdir $^)
# environment
LC_TIME = en_US.UTF-8
# environment
INVOCATION_ID = b0dd6d4400bf4112956694ae6c205f1c
# environment
USERNAME = aghaei
# environment
GNOME_SETUP_DISPLAY = :1
# environment
LC_TELEPHONE = en_US.UTF-8
# environment
LESSCLOSE = /usr/bin/lesspipe %s %s
# automatic
?F = $(notdir $?)
# environment
XDG_CURRENT_DESKTOP = Unity
# environment
LS_COLORS = 
# automatic
+F = $(notdir $+)
# environment
DESKTOP_SESSION = ubuntu
# environment
ORIGINAL_XDG_CURRENT_DESKTOP = ubuntu:GNOME
# 'override' directive
GNUMAKEFLAGS := 
# environment
LOGNAME = aghaei
# environment
GIO_LAUNCHED_DESKTOP_FILE = /usr/share/applications/code.desktop
# makefile
.DEFAULT_GOAL := assemble
# environment
SYSTEMD_EXEC_PID = 4250
# environment
DISPLAY = :0
# environment
USER = aghaei
# environment
GTK_MODULES = gail:atk-bridge
# default
MAKE_VERSION := 4.3
# makefile (from 'Makefile', line 3)
n = \e[0m
# environment
MANAGERPID = 4020
# environment
LC_MEASUREMENT = en_US.UTF-8
# environment
GIO_LAUNCHED_DESKTOP_FILE_PID = 29639
# environment
_ = /usr/share/code/code
# environment
LC_PAPER = en_US.UTF-8
# environment
XDG_RUNTIME_DIR = /run/user/1000
# environment
JOURNAL_STREAM = 8:38672
# environment
XDG_SESSION_CLASS = user
# environment
VSCODE_AMD_ENTRYPOINT = vs/workbench/api/node/extensionHostProcess
# environment
HOME = /home/aghaei
# environment
QT_IM_MODULE = ibus
# environment
ELECTRON_RUN_AS_NODE = 1
# environment
VSCODE_IPC_HOOK = /run/user/1000/vscode-4733e393-1.69.0-main.sock
# environment
IM_CONFIG_PHASE = 1
# environment
PAPERSIZE = letter
# default
.RECIPEPREFIX := 
# automatic
<F = $(notdir $<)
# default
SUFFIXES := 
# default
.FEATURES := target-specific order-only second-expansion else-if shortest-stem undefine oneshell nocomment grouped-target extra-prereqs archives jobserver output-sync check-symlink load
# environment
XDG_MENU_PREFIX = gnome-
# environment
GDMSESSION = ubuntu
# environment
LC_IDENTIFICATION = en_US.UTF-8
# variable set hash-table stats:
# Load=113/1024=11%, Rehash=0, Collisions=6/146=4%

# Pattern-specific Variable Values

# No pattern-specific variable values.

# Directories

# test/default (device 66306, inode 53481770): 26 files, no impossibilities.
# src (device 66306, inode 53219598): 16 files, no impossibilities.
# . (device 66306, inode 50470318): 14 files, no impossibilities.
# test (device 66306, inode 53350140): 3 files, no impossibilities.
# 323src (device 66306, inode 52828826): 8 files, no impossibilities.

# 67 files, no impossibilities in 5 directories.

# Implicit Rules

%.elf: %.s
#  recipe to execute (from 'Makefile', line 13):
	mips-linux-gnu-as -march=r6000 $< -o $@

%.bin: %.elf
#  recipe to execute (from 'Makefile', line 16):
	dd skip=64 bs=1 if=$< of=$@ count=$$(expr $$(stat --printf="%s" $<) - 788)

%.mem: %.bin
#  recipe to execute (from 'Makefile', line 19):
	xxd -p -c1 $< $@

# 3 implicit rules, 0 (0.0%) terminal.
# Files

# Not a target:
src/fetch_operands.sv:
#  Implicit rule search has not been done.
#  Modification time never checked.
#  File has not been updated.

verify: sim
#  Implicit rule search has not been done.
 
make: *** No rule to make target 'all'.  Stop.

#  Modification time never checked.
#  File has not been updated.
#  recipe to execute (from 'Makefile', line 39):
	diff -u ${INPUT}.reg output/regdump.reg 1>&2

# Not a target:
323src/regfile.sv:
#  Implicit rule search has not been done.
#  Modification time never checked.
#  File has not been updated.

# Not a target:
src/mips_core.sv:
#  Implicit rule search has not been done.
#  Modification time never checked.
#  File has not been updated.

# Not a target:
src/I_type_ALU.sv:
#  Implicit rule search has not been done.
#  Modification time never checked.
#  File has not been updated.

compile: obj_dir/Vmips_machine
#  Implicit rule search has not been done.
#  Modification time never checked.
#  File has not been updated.

# Not a target:
test/default/addiu.mem:
#  Implicit rule search has not been done.
#  Modification time never checked.
#  File has not been updated.

sim: compile assemble
#  Implicit rule search has not been done.
#  Modification time never checked.
#  File has not been updated.
#  recipe to execute (from 'Makefile', line 35):
	cp ${INPUT}.mem output/instructions.mem
	./obj_dir/Vmips_machine

# Not a target:
test/default/memtest0.mem:
#  Implicit rule search has not been done.
#  Modification time never checked.
#  File has not been updated.

# Not a target:
Makefile:
#  Implicit rule search has been done.
#  Last modified 2022-07-25 12:22:32.148400415
#  File has been updated.
#  Successfully updated.

# Not a target:
src/j_controller.sv:
#  Implicit rule search has not been done.
#  Modification time never checked.
#  File has not been updated.

# Not a target:
test/default/brtest2.mem:
#  Implicit rule search has not been done.
#  Modification time never checked.
#  File has not been updated.

# Not a target:
323src/mips_machine.sv:
#  Implicit rule search has not been done.
#  Modification time never checked.
#  File has not been updated.

# Not a target:
test/default/arithtest.mem:
#  Implicit rule search has not been done.
#  Modification time never checked.
#  File has not been updated.

# Not a target:
src/R_type_ALU.sv:
#  Implicit rule search has not been done.
#  Modification time never checked.
#  File has not been updated.

clean:
#  Phony target (prerequisite of .PHONY).
#  Implicit rule search has not been done.
#  File does not exist.
#  File has not been updated.
#  recipe to execute (from 'Makefile', line 56):
	rm -rf obj_dir

# Not a target:
src/ALU.sv:
#  Implicit rule search has not been done.
#  Modification time never checked.
#  File has not been updated.

verify-all: compile assemble
#  Implicit rule search has not been done.
#  Modification time never checked.
#  File has not been updated.
#  recipe to execute (from 'Makefile', line 42):
	@fail=0;																				\
	for test in `find test -iname '*.mem'`; do												\
		if ! make verify INPUT=$${test%".mem"}; then fail=$$(expr $$fail + 1); fi;			\
	done; 																					\
	if [ $$fail -ne 0 ]; then 																\
		echo "$r$$fail test failed from $$(find test -iname '*.mem' | wc -l) tests :($n"; 	\
	else 																					\
		echo "$gAll tests passed! ($$(find test -iname '*.mem' | wc -l) tests)$n";			\
	fi

# Not a target:
src/fetch_result.sv:
#  Implicit rule search has not been done.
#  Modification time never checked.
#  File has not been updated.

assemble: test/default/addiu.mem test/default/addtest.mem test/default/arithtest.mem test/default/brtest0.mem test/default/brtest2.mem test/default/memtest0.mem test/default/sb.mem test/default/shifttest.mem
#  Implicit rule search has not been done.
#  Modification time never checked.
#  File has not been updated.

# Not a target:
test/default/sb.mem:
#  Implicit rule search has not been done.
#  Modification time never checked.
#  File has not been updated.

# Not a target:
src/cache.sv:
#  Implicit rule search has not been done.
#  Modification time never checked.
#  File has not been updated.

# Not a target:
test/default/addtest.mem:
#  Implicit rule search has not been done.
#  Modification time never checked.
#  File has not been updated.

# Not a target:
src/i_controller.sv:
#  Implicit rule search has not been done.
#  Modification time never checked.
#  File has not been updated.

# Not a target:
.DEFAULT:
#  Implicit rule search has not been done.
#  Modification time never checked.
#  File has not been updated.

# Not a target:
test/default/brtest0.mem:
#  Implicit rule search has not been done.
#  Modification time never checked.
#  File has not been updated.

# Not a target:
src/r_controller.sv:
#  Implicit rule search has not been done.
#  Modification time never checked.
#  File has not been updated.

# Not a target:
all:
#  Command line target.
#  Implicit rule search has been done.
#  File does not exist.
#  File has not been updated.

# Not a target:
test/default/shifttest.mem:
#  Implicit rule search has not been done.
#  Modification time never checked.
#  File has not been updated.

# Not a target:
323src/dff.sv:
#  Implicit rule search has not been done.
#  Modification time never checked.
#  File has not been updated.

# Not a target:
323src/memory.sv:
#  Implicit rule search has not been done.
#  Modification time never checked.
#  File has not been updated.

# Not a target:
src/PC_ALU.sv:
#  Implicit rule search has not been done.
#  Modification time never checked.
#  File has not been updated.

# Not a target:
src/alu_result.sv:
#  Implicit rule search has not been done.
#  Modification time never checked.
#  File has not been updated.

# Not a target:
src/time_handler.sv:
#  Implicit rule search has not been done.
#  Modification time never checked.
#  File has not been updated.

.PHONY: clean clean-mem
#  Implicit rule search has not been done.
#  Modification time never checked.
#  File has not been updated.

# Not a target:
323src/sim_main.cpp:
#  Implicit rule search has not been done.
#  Modification time never checked.
#  File has not been updated.

obj_dir/Vmips_machine: src/ALU.sv src/I_type_ALU.sv src/PC_ALU.sv src/R_type_ALU.sv src/alu_result.sv src/cache.sv src/fetch_operands.sv src/fetch_result.sv src/i_controller.sv src/j_controller.sv src/mips_core.sv src/r_controller.sv src/time_handler.sv 323src/dff.sv 323src/memory.sv 323src/mips_machine.sv 323src/regfile.sv 323src/sim_main.cpp
#  Implicit rule search has not been done.
#  Modification time never checked.
#  File has not been updated.
#  recipe to execute (from 'Makefile', line 26):
	docker run -ti -v ${PWD}:/work												\
			verilator/verilator:latest --exe --build --cc --top mips_machine	\
					-Wno-BLKLOOPINIT											\
					`find src 323src -iname '*.v' -o -iname '*.sv'`				\
					323src/sim_main.cpp

clean-mem:
#  Phony target (prerequisite of .PHONY).
#  Implicit rule search has not been done.
#  File does not exist.
#  File has not been updated.
#  recipe to execute (from 'Makefile', line 59):
	rm -rf $(MEM)

# files hash-table stats:
# Load=39/1024=4%, Rehash=0, Collisions=0/86=0%
# VPATH Search Paths

# No 'vpath' search paths.

# No general ('VPATH' variable) search path.

# strcache buffers: 1 (0) / strings = 102 / storage = 1301 B / avg = 12 B
# current buf: size = 8162 B / used = 1301 B / count = 102 / avg = 12 B

# strcache performance: lookups = 140 / hit rate = 27%
# hash-table stats:
# Load=102/8192=1%, Rehash=0, Collisions=2/140=1%
# Finished Make data base on Tue Jul 26 11:57:29 2022

 
